    Checking sovereign-browser v0.1.0 (/Users/mohammadchughtai/Documents/GitHub/sovereign-browser/src-tauri)
warning: unexpected `cfg` condition value: `cargo-clippy`
    --> src/lib.rs:1422:25
     |
1422 |             let _: () = msg_send![wk_webview, setAllowsBackForwardNavigationGestures: YES];
     |                         ^^^^^^^^^^^^^^^^^^^^^^^^^^^^^^^^^^^^^^^^^^^^^^^^^^^^^^^^^^^^^^^^^^
     |
     = note: no expected values for `feature`
     = note: using a cfg inside a macro will use the cfgs from the destination crate and not the ones from the defining crate
     = help: try referring to `sel_impl` crate for guidance on how handle this unexpected cfg
     = help: the macro `sel_impl` may come from an old version of the `objc` crate, try updating your dependency with `cargo update -p objc`
     = note: see <https://doc.rust-lang.org/nightly/rustc/check-cfg/cargo-specifics.html> for more information about checking conditional configuration
     = note: `#[warn(unexpected_cfgs)]` on by default
     = note: this warning originates in the macro `sel_impl` which comes from the expansion of the macro `msg_send` (in Nightly builds, run with -Z macro-backtrace for more info)

warning: unexpected `cfg` condition value: `cargo-clippy`
    --> src/lib.rs:1444:35
     |
1444 |             let ns_string_class = class!(NSString);
     |                                   ^^^^^^^^^^^^^^^^
     |
     = note: no expected values for `feature`
     = note: using a cfg inside a macro will use the cfgs from the destination crate and not the ones from the defining crate
     = help: try referring to `class` crate for guidance on how handle this unexpected cfg
     = help: the macro `class` may come from an old version of the `objc` crate, try updating your dependency with `cargo update -p objc`
     = note: see <https://doc.rust-lang.org/nightly/rustc/check-cfg/cargo-specifics.html> for more information about checking conditional configuration
     = note: this warning originates in the macro `class` (in Nightly builds, run with -Z macro-backtrace for more info)

warning: unexpected `cfg` condition value: `cargo-clippy`
    --> src/lib.rs:1446:42
     |
1446 |             let ns_string: *mut Object = msg_send![ns_string_class, alloc];
     |                                          ^^^^^^^^^^^^^^^^^^^^^^^^^^^^^^^^^
     |
     = note: no expected values for `feature`
     = note: using a cfg inside a macro will use the cfgs from the destination crate and not the ones from the defining crate
     = help: try referring to `sel_impl` crate for guidance on how handle this unexpected cfg
     = help: the macro `sel_impl` may come from an old version of the `objc` crate, try updating your dependency with `cargo update -p objc`
     = note: see <https://doc.rust-lang.org/nightly/rustc/check-cfg/cargo-specifics.html> for more information about checking conditional configuration
     = note: this warning originates in the macro `sel_impl` which comes from the expansion of the macro `msg_send` (in Nightly builds, run with -Z macro-backtrace for more info)

warning: unexpected `cfg` condition value: `cargo-clippy`
    --> src/lib.rs:1447:42
     |
1447 |             let ns_string: *mut Object = msg_send![ns_string, initWithUTF8String: string_c.as_ptr()];
     |                                          ^^^^^^^^^^^^^^^^^^^^^^^^^^^^^^^^^^^^^^^^^^^^^^^^^^^^^^^^^^^
     |
     = note: no expected values for `feature`
     = note: using a cfg inside a macro will use the cfgs from the destination crate and not the ones from the defining crate
     = help: try referring to `sel_impl` crate for guidance on how handle this unexpected cfg
     = help: the macro `sel_impl` may come from an old version of the `objc` crate, try updating your dependency with `cargo update -p objc`
     = note: see <https://doc.rust-lang.org/nightly/rustc/check-cfg/cargo-specifics.html> for more information about checking conditional configuration
     = note: this warning originates in the macro `sel_impl` which comes from the expansion of the macro `msg_send` (in Nightly builds, run with -Z macro-backtrace for more info)

warning: unexpected `cfg` condition value: `cargo-clippy`
    --> src/lib.rs:1459:31
     |
1459 |             let store_class = class!(WKContentRuleListStore);
     |                               ^^^^^^^^^^^^^^^^^^^^^^^^^^^^^^
     |
     = note: no expected values for `feature`
     = note: using a cfg inside a macro will use the cfgs from the destination crate and not the ones from the defining crate
     = help: try referring to `class` crate for guidance on how handle this unexpected cfg
     = help: the macro `class` may come from an old version of the `objc` crate, try updating your dependency with `cargo update -p objc`
     = note: see <https://doc.rust-lang.org/nightly/rustc/check-cfg/cargo-specifics.html> for more information about checking conditional configuration
     = note: this warning originates in the macro `class` (in Nightly builds, run with -Z macro-backtrace for more info)

warning: unexpected `cfg` condition value: `cargo-clippy`
    --> src/lib.rs:1460:38
     |
1460 |             let store: *mut Object = msg_send![store_class, defaultStore];
     |                                      ^^^^^^^^^^^^^^^^^^^^^^^^^^^^^^^^^^^^
     |
     = note: no expected values for `feature`
     = note: using a cfg inside a macro will use the cfgs from the destination crate and not the ones from the defining crate
     = help: try referring to `sel_impl` crate for guidance on how handle this unexpected cfg
     = help: the macro `sel_impl` may come from an old version of the `objc` crate, try updating your dependency with `cargo update -p objc`
     = note: see <https://doc.rust-lang.org/nightly/rustc/check-cfg/cargo-specifics.html> for more information about checking conditional configuration
     = note: this warning originates in the macro `sel_impl` which comes from the expansion of the macro `msg_send` (in Nightly builds, run with -Z macro-backtrace for more info)

warning: unexpected `cfg` condition value: `cargo-clippy`
    --> src/lib.rs:1468:39
     |
1468 |             let config: *mut Object = msg_send![wk_webview, configuration];
     |                                       ^^^^^^^^^^^^^^^^^^^^^^^^^^^^^^^^^^^^
     |
     = note: no expected values for `feature`
     = note: using a cfg inside a macro will use the cfgs from the destination crate and not the ones from the defining crate
     = help: try referring to `sel_impl` crate for guidance on how handle this unexpected cfg
     = help: the macro `sel_impl` may come from an old version of the `objc` crate, try updating your dependency with `cargo update -p objc`
     = note: see <https://doc.rust-lang.org/nightly/rustc/check-cfg/cargo-specifics.html> for more information about checking conditional configuration
     = note: this warning originates in the macro `sel_impl` which comes from the expansion of the macro `msg_send` (in Nightly builds, run with -Z macro-backtrace for more info)

warning: unexpected `cfg` condition value: `cargo-clippy`
    --> src/lib.rs:1469:56
     |
1469 |             let user_content_controller: *mut Object = msg_send![config, userContentController];
     |                                                        ^^^^^^^^^^^^^^^^^^^^^^^^^^^^^^^^^^^^^^^^
     |
     = note: no expected values for `feature`
     = note: using a cfg inside a macro will use the cfgs from the destination crate and not the ones from the defining crate
     = help: try referring to `sel_impl` crate for guidance on how handle this unexpected cfg
     = help: the macro `sel_impl` may come from an old version of the `objc` crate, try updating your dependency with `cargo update -p objc`
     = note: see <https://doc.rust-lang.org/nightly/rustc/check-cfg/cargo-specifics.html> for more information about checking conditional configuration
     = note: this warning originates in the macro `sel_impl` which comes from the expansion of the macro `msg_send` (in Nightly builds, run with -Z macro-backtrace for more info)

warning: unexpected `cfg` condition value: `cargo-clippy`
    --> src/lib.rs:1483:33
     |
1483 |                     let _: () = msg_send![ucc, addContentRuleList: rule_list];
     |                                 ^^^^^^^^^^^^^^^^^^^^^^^^^^^^^^^^^^^^^^^^^^^^^
     |
     = note: no expected values for `feature`
     = note: using a cfg inside a macro will use the cfgs from the destination crate and not the ones from the defining crate
     = help: try referring to `sel_impl` crate for guidance on how handle this unexpected cfg
     = help: the macro `sel_impl` may come from an old version of the `objc` crate, try updating your dependency with `cargo update -p objc`
     = note: see <https://doc.rust-lang.org/nightly/rustc/check-cfg/cargo-specifics.html> for more information about checking conditional configuration
     = note: this warning originates in the macro `sel_impl` which comes from the expansion of the macro `msg_send` (in Nightly builds, run with -Z macro-backtrace for more info)

warning: unexpected `cfg` condition value: `cargo-clippy`
    --> src/lib.rs:1487:56
     |
1487 |                         let description: *mut Object = msg_send![error, localizedDescription];
     |                                                        ^^^^^^^^^^^^^^^^^^^^^^^^^^^^^^^^^^^^^^
     |
     = note: no expected values for `feature`
     = note: using a cfg inside a macro will use the cfgs from the destination crate and not the ones from the defining crate
     = help: try referring to `sel_impl` crate for guidance on how handle this unexpected cfg
     = help: the macro `sel_impl` may come from an old version of the `objc` crate, try updating your dependency with `cargo update -p objc`
     = note: see <https://doc.rust-lang.org/nightly/rustc/check-cfg/cargo-specifics.html> for more information about checking conditional configuration
     = note: this warning originates in the macro `sel_impl` which comes from the expansion of the macro `msg_send` (in Nightly builds, run with -Z macro-backtrace for more info)

warning: unexpected `cfg` condition value: `cargo-clippy`
    --> src/lib.rs:1488:65
     |
1488 |                         let utf8: *const std::os::raw::c_char = msg_send![description, UTF8String];
     |                                                                 ^^^^^^^^^^^^^^^^^^^^^^^^^^^^^^^^^^
     |
     = note: no expected values for `feature`
     = note: using a cfg inside a macro will use the cfgs from the destination crate and not the ones from the defining crate
     = help: try referring to `sel_impl` crate for guidance on how handle this unexpected cfg
     = help: the macro `sel_impl` may come from an old version of the `objc` crate, try updating your dependency with `cargo update -p objc`
     = note: see <https://doc.rust-lang.org/nightly/rustc/check-cfg/cargo-specifics.html> for more information about checking conditional configuration
     = note: this warning originates in the macro `sel_impl` which comes from the expansion of the macro `msg_send` (in Nightly builds, run with -Z macro-backtrace for more info)

warning: unexpected `cfg` condition value: `cargo-clippy`
    --> src/lib.rs:1502:25
     |
1502 |               let _: () = msg_send![store, compileContentRuleListForIdentifier:identifier 
     |  _________________________^
1503 | |                                         encodedContentRuleList:rules_ns 
1504 | |                                         completionHandler:&*completion_block];
     | |_____________________________________________________________________________^
     |
     = note: no expected values for `feature`
     = note: using a cfg inside a macro will use the cfgs from the destination crate and not the ones from the defining crate
     = help: try referring to `sel_impl` crate for guidance on how handle this unexpected cfg
     = help: the macro `sel_impl` may come from an old version of the `objc` crate, try updating your dependency with `cargo update -p objc`
     = note: see <https://doc.rust-lang.org/nightly/rustc/check-cfg/cargo-specifics.html> for more information about checking conditional configuration
     = note: this warning originates in the macro `sel_impl` which comes from the expansion of the macro `msg_send` (in Nightly builds, run with -Z macro-backtrace for more info)

warning: unused import: `Window`
 --> src/lib.rs:1:93
  |
1 | use tauri::{AppHandle, Manager, WebviewUrl, WebviewBuilder, PhysicalPosition, PhysicalSize, Window, Emitter, TitleBarStyle};
  |                                                                                             ^^^^^^
  |
  = note: `#[warn(unused_imports)]` (part of `#[warn(unused)]`) on by default

warning: unused import: `Path`
 --> src/history.rs:4:17
  |
4 | use std::path::{Path, PathBuf};
  |                 ^^^^

error[E0308]: mismatched types
   --> src/lib.rs:506:33
    |
506 |                     *response = Some(final_resp);
    |                     ---------   ^^^^^^^^^^^^^^^^ expected `Response<Cow<'_, [u8]>>`, found `Option<Response<Cow<'_, _>>>`
    |                     |
    |                     expected due to the type of this binding
    |
    = note: expected struct `tauri::http::Response<Cow<'static, [u8]>>`
                 found enum `std::option::Option<tauri::http::Response<Cow<'_, _>>>`

warning: unused variable: `file`
  --> src/devtools.rs:47:33
   |
47 |                     if let Some(file) = Asset::get(relative_path) {
   |                                 ^^^^ help: if this is intentional, prefix it with an underscore: `_file`
   |
   = note: `#[warn(unused_variables)]` (part of `#[warn(unused)]`) on by default

warning: variable does not need to be mutable
  --> src/history.rs:81:17
   |
81 |             let mut entry = index.entry(normalized.clone()).or_insert(HistoryEntry {
   |                 ----^^^^^
   |                 |
   |                 help: remove this `mut`
   |
   = note: `#[warn(unused_mut)]` (part of `#[warn(unused)]`) on by default

warning: unused variable: `app`
   --> src/lib.rs:795:24
    |
795 | fn resize_all_webviews(app: &AppHandle, width: u32, height: u32, scale_factor: f64) {
    |                        ^^^ help: if this is intentional, prefix it with an underscore: `_app`

warning: unused variable: `rect`
   --> src/lib.rs:798:9
    |
798 |     let rect = tauri::Rect {
    |         ^^^^ help: if this is intentional, prefix it with an underscore: `_rect`

warning: unused variable: `state`
    --> src/lib.rs:1292:34
     |
1292 |                      if let Some(state) = h_evt.try_state::<AppState>() {
     |                                  ^^^^^ help: if this is intentional, prefix it with an underscore: `_state`

For more information about this error, try `rustc --explain E0308`.
warning: `sovereign-browser` (lib) generated 19 warnings
error: could not compile `sovereign-browser` (lib) due to 1 previous error; 19 warnings emitted
